2021-06-30 14:54:58,351 [Worker-0: Loading available Gradle versions] INFO  o.e.b.c.i.u.g.PublishedGradleVersions - Gradle version information cache is out-of-date. Trying to update.
2021-06-30 14:54:59,497 [Worker-0: Loading available Gradle versions] INFO  o.e.b.c.i.u.g.PublishedGradleVersions - Updating Gradle version information cache failed. Using outdated cache.
2021-06-30 14:55:20,859 [Worker-1: Building] INFO  o.e.m.c.i.l.LifecycleMappingFactory - Using org.eclipse.m2e.jdt.JarLifecycleMapping lifecycle mapping for MavenProject: RestClient:rest:0.0.1-SNAPSHOT @ C:\Learnings\API_Automation\RestFramework\rest\pom.xml.
2021-06-30 14:55:20,859 [Worker-3: Updating Maven Dependencies] INFO  o.e.m.c.i.l.LifecycleMappingFactory - Using org.eclipse.m2e.jdt.JarLifecycleMapping lifecycle mapping for MavenProject: RestClient:rest:0.0.1-SNAPSHOT @ C:\Learnings\API_Automation\RestFramework\rest\pom.xml.
2021-06-30 14:55:22,842 [Worker-1: Building] INFO  o.e.m.c.i.embedder.EclipseLogger - Using 'UTF-8' encoding to copy filtered resources.
2021-06-30 14:55:22,843 [Worker-1: Building] INFO  o.e.m.c.i.embedder.EclipseLogger - skip non existing resourceDirectory C:\Learnings\API_Automation\RestFramework\rest\src\main\resources
2021-06-30 14:55:22,847 [Worker-1: Building] INFO  o.e.m.c.i.embedder.EclipseLogger - Using 'UTF-8' encoding to copy filtered resources.
2021-06-30 14:55:22,847 [Worker-1: Building] INFO  o.e.m.c.i.embedder.EclipseLogger - skip non existing resourceDirectory C:\Learnings\API_Automation\RestFramework\rest\src\test\resources
2021-06-30 14:55:24,915 [Worker-2: Updating Maven Dependencies] INFO  o.e.m.c.i.l.LifecycleMappingFactory - Using org.eclipse.m2e.jdt.JarLifecycleMapping lifecycle mapping for MavenProject: RestClient:rest:0.0.1-SNAPSHOT @ C:\Learnings\API_Automation\RestFramework\rest\pom.xml.
2021-06-30 14:55:25,250 [Worker-0: Building] INFO  o.e.m.c.i.embedder.EclipseLogger - Using 'UTF-8' encoding to copy filtered resources.
2021-06-30 14:55:25,251 [Worker-0: Building] INFO  o.e.m.c.i.embedder.EclipseLogger - skip non existing resourceDirectory C:\Learnings\API_Automation\RestFramework\rest\src\main\resources
2021-06-30 14:55:25,254 [Worker-0: Building] INFO  o.e.m.c.i.embedder.EclipseLogger - Using 'UTF-8' encoding to copy filtered resources.
2021-06-30 14:55:25,255 [Worker-0: Building] INFO  o.e.m.c.i.embedder.EclipseLogger - skip non existing resourceDirectory C:\Learnings\API_Automation\RestFramework\rest\src\test\resources
2021-06-30 14:55:26,682 [Worker-0: Building] INFO  o.e.m.c.i.embedder.EclipseLogger - Using 'UTF-8' encoding to copy filtered resources.
2021-06-30 14:55:26,682 [Worker-0: Building] INFO  o.e.m.c.i.embedder.EclipseLogger - skip non existing resourceDirectory C:\Learnings\API_Automation\RestFramework\rest\src\main\resources
2021-06-30 14:55:26,684 [Worker-0: Building] INFO  o.e.m.c.i.embedder.EclipseLogger - Using 'UTF-8' encoding to copy filtered resources.
2021-06-30 14:55:26,685 [Worker-0: Building] INFO  o.e.m.c.i.embedder.EclipseLogger - skip non existing resourceDirectory C:\Learnings\API_Automation\RestFramework\rest\src\test\resources
2021-06-30 14:56:18,897 [Worker-4: Building] INFO  o.e.m.c.i.embedder.EclipseLogger - Using 'UTF-8' encoding to copy filtered resources.
2021-06-30 14:56:18,898 [Worker-4: Building] INFO  o.e.m.c.i.embedder.EclipseLogger - skip non existing resourceDirectory C:\Learnings\API_Automation\RestFramework\rest\src\main\resources
2021-06-30 14:56:18,898 [Worker-4: Building] INFO  o.e.m.c.i.embedder.EclipseLogger - Using 'UTF-8' encoding to copy filtered resources.
2021-06-30 14:56:18,899 [Worker-4: Building] INFO  o.e.m.c.i.embedder.EclipseLogger - skip non existing resourceDirectory C:\Learnings\API_Automation\RestFramework\rest\src\test\resources
2021-06-30 14:56:38,747 [Worker-0: Building] INFO  o.e.m.c.i.embedder.EclipseLogger - Using 'UTF-8' encoding to copy filtered resources.
2021-06-30 14:56:38,747 [Worker-0: Building] INFO  o.e.m.c.i.embedder.EclipseLogger - skip non existing resourceDirectory C:\Learnings\API_Automation\RestFramework\rest\src\main\resources
2021-06-30 14:56:38,748 [Worker-0: Building] INFO  o.e.m.c.i.embedder.EclipseLogger - Using 'UTF-8' encoding to copy filtered resources.
2021-06-30 14:56:38,748 [Worker-0: Building] INFO  o.e.m.c.i.embedder.EclipseLogger - skip non existing resourceDirectory C:\Learnings\API_Automation\RestFramework\rest\src\test\resources
2021-06-30 14:56:49,162 [Worker-0: Building] INFO  o.e.m.c.i.embedder.EclipseLogger - Using 'UTF-8' encoding to copy filtered resources.
2021-06-30 14:56:49,162 [Worker-0: Building] INFO  o.e.m.c.i.embedder.EclipseLogger - skip non existing resourceDirectory C:\Learnings\API_Automation\RestFramework\rest\src\main\resources
2021-06-30 14:56:49,163 [Worker-0: Building] INFO  o.e.m.c.i.embedder.EclipseLogger - Using 'UTF-8' encoding to copy filtered resources.
2021-06-30 14:56:49,164 [Worker-0: Building] INFO  o.e.m.c.i.embedder.EclipseLogger - skip non existing resourceDirectory C:\Learnings\API_Automation\RestFramework\rest\src\test\resources
2021-06-30 14:57:16,603 [Worker-1: Building] INFO  o.e.m.c.i.embedder.EclipseLogger - Using 'UTF-8' encoding to copy filtered resources.
2021-06-30 14:57:16,603 [Worker-1: Building] INFO  o.e.m.c.i.embedder.EclipseLogger - skip non existing resourceDirectory C:\Learnings\API_Automation\RestFramework\rest\src\main\resources
2021-06-30 14:57:16,604 [Worker-1: Building] INFO  o.e.m.c.i.embedder.EclipseLogger - Using 'UTF-8' encoding to copy filtered resources.
2021-06-30 14:57:16,605 [Worker-1: Building] INFO  o.e.m.c.i.embedder.EclipseLogger - skip non existing resourceDirectory C:\Learnings\API_Automation\RestFramework\rest\src\test\resources
2021-06-30 14:57:27,231 [Worker-2: Building] INFO  o.e.m.c.i.embedder.EclipseLogger - Using 'UTF-8' encoding to copy filtered resources.
2021-06-30 14:57:27,231 [Worker-2: Building] INFO  o.e.m.c.i.embedder.EclipseLogger - skip non existing resourceDirectory C:\Learnings\API_Automation\RestFramework\rest\src\main\resources
2021-06-30 14:57:27,231 [Worker-2: Building] INFO  o.e.m.c.i.embedder.EclipseLogger - Using 'UTF-8' encoding to copy filtered resources.
2021-06-30 14:57:27,232 [Worker-2: Building] INFO  o.e.m.c.i.embedder.EclipseLogger - skip non existing resourceDirectory C:\Learnings\API_Automation\RestFramework\rest\src\test\resources
2021-06-30 14:58:10,704 [Worker-5: Building] INFO  o.e.m.c.i.embedder.EclipseLogger - Using 'UTF-8' encoding to copy filtered resources.
2021-06-30 14:58:10,705 [Worker-5: Building] INFO  o.e.m.c.i.embedder.EclipseLogger - skip non existing resourceDirectory C:\Learnings\API_Automation\RestFramework\rest\src\main\resources
2021-06-30 14:58:10,707 [Worker-5: Building] INFO  o.e.m.c.i.embedder.EclipseLogger - Using 'UTF-8' encoding to copy filtered resources.
2021-06-30 14:58:10,708 [Worker-5: Building] INFO  o.e.m.c.i.embedder.EclipseLogger - skip non existing resourceDirectory C:\Learnings\API_Automation\RestFramework\rest\src\test\resources
2021-06-30 14:58:24,391 [Worker-2: Building] INFO  o.e.m.c.i.embedder.EclipseLogger - Using 'UTF-8' encoding to copy filtered resources.
2021-06-30 14:58:24,391 [Worker-2: Building] INFO  o.e.m.c.i.embedder.EclipseLogger - skip non existing resourceDirectory C:\Learnings\API_Automation\RestFramework\rest\src\main\resources
2021-06-30 14:58:24,392 [Worker-2: Building] INFO  o.e.m.c.i.embedder.EclipseLogger - Using 'UTF-8' encoding to copy filtered resources.
2021-06-30 14:58:24,392 [Worker-2: Building] INFO  o.e.m.c.i.embedder.EclipseLogger - skip non existing resourceDirectory C:\Learnings\API_Automation\RestFramework\rest\src\test\resources
2021-06-30 14:58:48,238 [Worker-7: Building] INFO  o.e.m.c.i.embedder.EclipseLogger - Using 'UTF-8' encoding to copy filtered resources.
2021-06-30 14:58:48,238 [Worker-7: Building] INFO  o.e.m.c.i.embedder.EclipseLogger - skip non existing resourceDirectory C:\Learnings\API_Automation\RestFramework\rest\src\main\resources
2021-06-30 14:58:48,239 [Worker-7: Building] INFO  o.e.m.c.i.embedder.EclipseLogger - Using 'UTF-8' encoding to copy filtered resources.
2021-06-30 14:58:48,239 [Worker-7: Building] INFO  o.e.m.c.i.embedder.EclipseLogger - skip non existing resourceDirectory C:\Learnings\API_Automation\RestFramework\rest\src\test\resources
2021-06-30 15:17:19,079 [Worker-58: Building] INFO  o.e.m.c.i.embedder.EclipseLogger - Using 'UTF-8' encoding to copy filtered resources.
2021-06-30 15:17:19,079 [Worker-58: Building] INFO  o.e.m.c.i.embedder.EclipseLogger - skip non existing resourceDirectory C:\Learnings\API_Automation\RestFramework\rest\src\main\resources
2021-06-30 15:17:19,080 [Worker-58: Building] INFO  o.e.m.c.i.embedder.EclipseLogger - Using 'UTF-8' encoding to copy filtered resources.
2021-06-30 15:17:19,080 [Worker-58: Building] INFO  o.e.m.c.i.embedder.EclipseLogger - skip non existing resourceDirectory C:\Learnings\API_Automation\RestFramework\rest\src\test\resources
